<?xml version="1.0" encoding="UTF-8"?>
<!-- Generated by org.testng.reporters.JUnitReportReporter -->
<testsuite hostname="admin-PC" name="testcases.TestcasesTest" tests="1" failures="0" timestamp="20 Sep 2018 05:58:22 GMT" time="112.008" errors="0">
  <testcase name="Launch" time="112.008" classname="testcases.TestcasesTest"/>
</testsuite> <!-- testcases.TestcasesTest -->
